---------------------------------------------------------------
[ 2019-02-12T09:53:07+08:00 ] 0.0.0.0 GET localhost/tp5/public/index.php/index/index/index
[运行时间：0.092344s] [吞吐率：10.83req/s] [内存消耗：1,105.54kb] [文件加载：33]
[ info ] [ LANG ] C:\xampp\htdocs\tp5\thinkphp\lang\zh-cn.php
[ info ] [ ROUTE ] array (
  'type' => 'module',
  'module' => 
  array (
    0 => 'index',
    1 => 'index',
    2 => 'index',
  ),
)
[ info ] [ HEADER ] array (
  'host' => 'localhost',
  'connection' => 'keep-alive',
  'upgrade-insecure-requests' => '1',
  'user-agent' => 'Mozilla/5.0 (Windows NT 10.0; WOW64) AppleWebKit/537.36 (KHTML, like Gecko) Chrome/63.0.3239.132 Safari/537.36',
  'accept' => 'text/html,application/xhtml+xml,application/xml;q=0.9,image/webp,image/apng,*/*;q=0.8',
  'accept-encoding' => 'gzip, deflate, br',
  'accept-language' => 'zh-CN,zh;q=0.9',
  'cookie' => '__guid=111872281.4375068339543820000.1545480756457.3933; Phpstorm-171522f2=95d6887c-877e-4afc-8d1c-c976a446170d; pgv_pvi=6507047936; _xsrf=2|0e01e217|cc3af0aa6b236c07168a2f90c8826cee|1548647686; username-localhost-8888="2|1:0|10:1549078438|23:username-localhost-8888|44:MTk0M2NhZjE2OGMxNDUzMjhlMTM0OTQ5NzQzOTFlMmE=|81984c80b434ca370f76d45ed61a9c5fc59cc1f7cebe8a7b44234779b81564e8"; monitor_count=132',
)
[ info ] [ PARAM ] array (
)
[ info ] [ RUN ] app\index\controller\IndexController->index[ C:\xampp\htdocs\tp5\application\index\controller\IndexController.php ]
[ info ] [ LOG ] INIT File
---------------------------------------------------------------
[ 2019-02-12T09:53:23+08:00 ] 0.0.0.0 GET localhost/tp5/public/index.php/index/Users/search
[运行时间：0.103911s] [吞吐率：9.62req/s] [内存消耗：1,405.13kb] [文件加载：42]
[ info ] [ LANG ] C:\xampp\htdocs\tp5\thinkphp\lang\zh-cn.php
[ info ] [ ROUTE ] array (
  'type' => 'module',
  'module' => 
  array (
    0 => 'index',
    1 => 'Users',
    2 => 'search',
  ),
)
[ info ] [ HEADER ] array (
  'host' => 'localhost',
  'connection' => 'keep-alive',
  'upgrade-insecure-requests' => '1',
  'user-agent' => 'Mozilla/5.0 (Windows NT 10.0; WOW64) AppleWebKit/537.36 (KHTML, like Gecko) Chrome/63.0.3239.132 Safari/537.36',
  'accept' => 'text/html,application/xhtml+xml,application/xml;q=0.9,image/webp,image/apng,*/*;q=0.8',
  'accept-encoding' => 'gzip, deflate, br',
  'accept-language' => 'zh-CN,zh;q=0.9',
  'cookie' => '__guid=111872281.4375068339543820000.1545480756457.3933; Phpstorm-171522f2=95d6887c-877e-4afc-8d1c-c976a446170d; pgv_pvi=6507047936; _xsrf=2|0e01e217|cc3af0aa6b236c07168a2f90c8826cee|1548647686; username-localhost-8888="2|1:0|10:1549078438|23:username-localhost-8888|44:MTk0M2NhZjE2OGMxNDUzMjhlMTM0OTQ5NzQzOTFlMmE=|81984c80b434ca370f76d45ed61a9c5fc59cc1f7cebe8a7b44234779b81564e8"; monitor_count=133',
)
[ info ] [ PARAM ] array (
)
[ info ] [ LOG ] INIT File
---------------------------------------------------------------
[ 2019-02-12T09:53:33+08:00 ] 0.0.0.0 GET localhost/tp5/public/index.php/index/Users/add
[运行时间：0.176628s] [吞吐率：5.66req/s] [内存消耗：2,285.69kb] [文件加载：48]
[ info ] [ LANG ] C:\xampp\htdocs\tp5\thinkphp\lang\zh-cn.php
[ info ] [ ROUTE ] array (
  'type' => 'module',
  'module' => 
  array (
    0 => 'index',
    1 => 'Users',
    2 => 'add',
  ),
)
[ info ] [ HEADER ] array (
  'host' => 'localhost',
  'connection' => 'keep-alive',
  'upgrade-insecure-requests' => '1',
  'user-agent' => 'Mozilla/5.0 (Windows NT 10.0; WOW64) AppleWebKit/537.36 (KHTML, like Gecko) Chrome/63.0.3239.132 Safari/537.36',
  'accept' => 'text/html,application/xhtml+xml,application/xml;q=0.9,image/webp,image/apng,*/*;q=0.8',
  'accept-encoding' => 'gzip, deflate, br',
  'accept-language' => 'zh-CN,zh;q=0.9',
  'cookie' => '__guid=111872281.4375068339543820000.1545480756457.3933; Phpstorm-171522f2=95d6887c-877e-4afc-8d1c-c976a446170d; pgv_pvi=6507047936; _xsrf=2|0e01e217|cc3af0aa6b236c07168a2f90c8826cee|1548647686; username-localhost-8888="2|1:0|10:1549078438|23:username-localhost-8888|44:MTk0M2NhZjE2OGMxNDUzMjhlMTM0OTQ5NzQzOTFlMmE=|81984c80b434ca370f76d45ed61a9c5fc59cc1f7cebe8a7b44234779b81564e8"; monitor_count=134',
)
[ info ] [ PARAM ] array (
)
[ info ] [ RUN ] app\index\controller\UsersController->add[ C:\xampp\htdocs\tp5\application\index\controller\UsersController.php ]
[ info ] [ DB ] INIT mysql
[ info ] [ LOG ] INIT File
[ sql ] [ DB ] CONNECT:[ UseTime:0.004469s ] mysql:host=127.0.0.1;dbname=test;charset=utf8
[ sql ] [ SQL ] SHOW COLUMNS FROM `users` [ RunTime:0.055996s ]
[ sql ] [ SQL ] SELECT * FROM `users` WHERE  `id` = 1 LIMIT 1 [ RunTime:0.003779s ]
---------------------------------------------------------------
[ 2019-02-12T09:54:17+08:00 ] 0.0.0.0 GET localhost/tp5/public/index.php/index/Users/add
[运行时间：0.060426s] [吞吐率：16.55req/s] [内存消耗：1,140.66kb] [文件加载：35]
[ info ] [ LANG ] C:\xampp\htdocs\tp5\thinkphp\lang\zh-cn.php
[ info ] [ ROUTE ] array (
  'type' => 'module',
  'module' => 
  array (
    0 => 'index',
    1 => 'Users',
    2 => 'add',
  ),
)
[ info ] [ HEADER ] array (
  'host' => 'localhost',
  'connection' => 'keep-alive',
  'cache-control' => 'max-age=0',
  'upgrade-insecure-requests' => '1',
  'user-agent' => 'Mozilla/5.0 (Windows NT 10.0; WOW64) AppleWebKit/537.36 (KHTML, like Gecko) Chrome/63.0.3239.132 Safari/537.36',
  'accept' => 'text/html,application/xhtml+xml,application/xml;q=0.9,image/webp,image/apng,*/*;q=0.8',
  'accept-encoding' => 'gzip, deflate, br',
  'accept-language' => 'zh-CN,zh;q=0.9',
  'cookie' => '__guid=111872281.4375068339543820000.1545480756457.3933; Phpstorm-171522f2=95d6887c-877e-4afc-8d1c-c976a446170d; pgv_pvi=6507047936; _xsrf=2|0e01e217|cc3af0aa6b236c07168a2f90c8826cee|1548647686; username-localhost-8888="2|1:0|10:1549078438|23:username-localhost-8888|44:MTk0M2NhZjE2OGMxNDUzMjhlMTM0OTQ5NzQzOTFlMmE=|81984c80b434ca370f76d45ed61a9c5fc59cc1f7cebe8a7b44234779b81564e8"; monitor_count=135',
)
[ info ] [ PARAM ] array (
)
[ info ] [ LOG ] INIT File
[ error ] [0]语法解析错误: syntax error, unexpected '>'[C:\xampp\htdocs\tp5\application\index\controller\UsersController.php:19]
---------------------------------------------------------------
[ 2019-02-12T09:55:05+08:00 ] 0.0.0.0 GET localhost/tp5/public/index.php/index/Users/add
[运行时间：0.119823s] [吞吐率：8.35req/s] [内存消耗：2,286.53kb] [文件加载：48]
[ info ] [ LANG ] C:\xampp\htdocs\tp5\thinkphp\lang\zh-cn.php
[ info ] [ ROUTE ] array (
  'type' => 'module',
  'module' => 
  array (
    0 => 'index',
    1 => 'Users',
    2 => 'add',
  ),
)
[ info ] [ HEADER ] array (
  'host' => 'localhost',
  'connection' => 'keep-alive',
  'cache-control' => 'max-age=0',
  'upgrade-insecure-requests' => '1',
  'user-agent' => 'Mozilla/5.0 (Windows NT 10.0; WOW64) AppleWebKit/537.36 (KHTML, like Gecko) Chrome/63.0.3239.132 Safari/537.36',
  'accept' => 'text/html,application/xhtml+xml,application/xml;q=0.9,image/webp,image/apng,*/*;q=0.8',
  'accept-encoding' => 'gzip, deflate, br',
  'accept-language' => 'zh-CN,zh;q=0.9',
  'cookie' => '__guid=111872281.4375068339543820000.1545480756457.3933; Phpstorm-171522f2=95d6887c-877e-4afc-8d1c-c976a446170d; pgv_pvi=6507047936; _xsrf=2|0e01e217|cc3af0aa6b236c07168a2f90c8826cee|1548647686; username-localhost-8888="2|1:0|10:1549078438|23:username-localhost-8888|44:MTk0M2NhZjE2OGMxNDUzMjhlMTM0OTQ5NzQzOTFlMmE=|81984c80b434ca370f76d45ed61a9c5fc59cc1f7cebe8a7b44234779b81564e8"; monitor_count=136',
)
[ info ] [ PARAM ] array (
)
[ info ] [ RUN ] app\index\controller\UsersController->add[ C:\xampp\htdocs\tp5\application\index\controller\UsersController.php ]
[ info ] [ DB ] INIT mysql
[ info ] [ LOG ] INIT File
[ sql ] [ DB ] CONNECT:[ UseTime:0.001385s ] mysql:host=127.0.0.1;dbname=test;charset=utf8
[ sql ] [ SQL ] SHOW COLUMNS FROM `users` [ RunTime:0.030073s ]
[ sql ] [ SQL ] SELECT * FROM `users` WHERE  `id` = 1 LIMIT 1 [ RunTime:0.000504s ]
---------------------------------------------------------------
[ 2019-02-12T11:22:13+08:00 ] 0.0.0.0 GET localhost/tp5/public/index.php/index/Index/index
[运行时间：0.097953s] [吞吐率：10.21req/s] [内存消耗：1,406.82kb] [文件加载：42]
[ info ] [ LANG ] C:\xampp\htdocs\tp5\thinkphp\lang\zh-cn.php
[ info ] [ ROUTE ] array (
  'type' => 'module',
  'module' => 
  array (
    0 => 'index',
    1 => 'Index',
    2 => 'index',
  ),
)
[ info ] [ HEADER ] array (
  'host' => 'localhost',
  'connection' => 'keep-alive',
  'upgrade-insecure-requests' => '1',
  'user-agent' => 'Mozilla/5.0 (Windows NT 10.0; WOW64) AppleWebKit/537.36 (KHTML, like Gecko) Chrome/63.0.3239.132 Safari/537.36',
  'accept' => 'text/html,application/xhtml+xml,application/xml;q=0.9,image/webp,image/apng,*/*;q=0.8',
  'accept-encoding' => 'gzip, deflate, br',
  'accept-language' => 'zh-CN,zh;q=0.9',
  'cookie' => '__guid=111872281.4375068339543820000.1545480756457.3933; Phpstorm-171522f2=95d6887c-877e-4afc-8d1c-c976a446170d; pgv_pvi=6507047936; _xsrf=2|0e01e217|cc3af0aa6b236c07168a2f90c8826cee|1548647686; username-localhost-8888="2|1:0|10:1549078438|23:username-localhost-8888|44:MTk0M2NhZjE2OGMxNDUzMjhlMTM0OTQ5NzQzOTFlMmE=|81984c80b434ca370f76d45ed61a9c5fc59cc1f7cebe8a7b44234779b81564e8"; monitor_count=137',
)
[ info ] [ PARAM ] array (
)
[ info ] [ RUN ] app\index\controller\IndexController->index[ C:\xampp\htdocs\tp5\application\index\controller\IndexController.php ]
[ info ] [ LOG ] INIT File
[ error ] [0]模板文件不存在:C:\xampp\htdocs\tp5\public/../application/index\view\index\index.html[C:\xampp\htdocs\tp5\thinkphp\library\think\view\driver\Think.php:82]
---------------------------------------------------------------
[ 2019-02-12T11:47:19+08:00 ] 0.0.0.0 GET localhost/tp5/public/index.php/index/Index/index
[运行时间：0.112528s] [吞吐率：8.89req/s] [内存消耗：1,485.67kb] [文件加载：42]
[ info ] [ LANG ] C:\xampp\htdocs\tp5\thinkphp\lang\zh-cn.php
[ info ] [ ROUTE ] array (
  'type' => 'module',
  'module' => 
  array (
    0 => 'index',
    1 => 'Index',
    2 => 'index',
  ),
)
[ info ] [ HEADER ] array (
  'host' => 'localhost',
  'connection' => 'keep-alive',
  'cache-control' => 'max-age=0',
  'upgrade-insecure-requests' => '1',
  'user-agent' => 'Mozilla/5.0 (Windows NT 10.0; WOW64) AppleWebKit/537.36 (KHTML, like Gecko) Chrome/63.0.3239.132 Safari/537.36',
  'accept' => 'text/html,application/xhtml+xml,application/xml;q=0.9,image/webp,image/apng,*/*;q=0.8',
  'accept-encoding' => 'gzip, deflate, br',
  'accept-language' => 'zh-CN,zh;q=0.9',
  'cookie' => '__guid=111872281.4375068339543820000.1545480756457.3933; Phpstorm-171522f2=95d6887c-877e-4afc-8d1c-c976a446170d; pgv_pvi=6507047936; _xsrf=2|0e01e217|cc3af0aa6b236c07168a2f90c8826cee|1548647686; username-localhost-8888="2|1:0|10:1549078438|23:username-localhost-8888|44:MTk0M2NhZjE2OGMxNDUzMjhlMTM0OTQ5NzQzOTFlMmE=|81984c80b434ca370f76d45ed61a9c5fc59cc1f7cebe8a7b44234779b81564e8"; monitor_count=138',
)
[ info ] [ PARAM ] array (
)
[ info ] [ RUN ] app\index\controller\IndexController->index[ C:\xampp\htdocs\tp5\application\index\controller\IndexController.php ]
[ info ] [ VIEW ] C:\xampp\htdocs\tp5\public/../application/index\view\index\index.html [ array (
  0 => 'name',
  1 => 'email',
) ]
[ info ] [ LOG ] INIT File
---------------------------------------------------------------
[ 2019-02-12T14:25:14+08:00 ] 0.0.0.0 GET localhost/tp5/public/index.php/index/Index/index
[运行时间：0.082602s] [吞吐率：12.11req/s] [内存消耗：1,311.02kb] [文件加载：40]
[ info ] [ LANG ] C:\xampp\htdocs\tp5\thinkphp\lang\zh-cn.php
[ info ] [ ROUTE ] array (
  'type' => 'module',
  'module' => 
  array (
    0 => 'index',
    1 => 'Index',
    2 => 'index',
  ),
)
[ info ] [ HEADER ] array (
  'host' => 'localhost',
  'connection' => 'keep-alive',
  'cache-control' => 'max-age=0',
  'upgrade-insecure-requests' => '1',
  'user-agent' => 'Mozilla/5.0 (Windows NT 10.0; WOW64) AppleWebKit/537.36 (KHTML, like Gecko) Chrome/63.0.3239.132 Safari/537.36',
  'accept' => 'text/html,application/xhtml+xml,application/xml;q=0.9,image/webp,image/apng,*/*;q=0.8',
  'accept-encoding' => 'gzip, deflate, br',
  'accept-language' => 'zh-CN,zh;q=0.9',
  'cookie' => '__guid=111872281.4375068339543820000.1545480756457.3933; Phpstorm-171522f2=95d6887c-877e-4afc-8d1c-c976a446170d; pgv_pvi=6507047936; _xsrf=2|0e01e217|cc3af0aa6b236c07168a2f90c8826cee|1548647686; username-localhost-8888="2|1:0|10:1549078438|23:username-localhost-8888|44:MTk0M2NhZjE2OGMxNDUzMjhlMTM0OTQ5NzQzOTFlMmE=|81984c80b434ca370f76d45ed61a9c5fc59cc1f7cebe8a7b44234779b81564e8"; monitor_count=139',
)
[ info ] [ PARAM ] array (
)
[ info ] [ RUN ] app\index\controller\IndexController->index[ C:\xampp\htdocs\tp5\application\index\controller\IndexController.php ]
[ info ] [ VIEW ] C:\xampp\htdocs\tp5\public/../application/index\view\index\index.html [ array (
  0 => 'name',
  1 => 'email',
) ]
[ info ] [ LOG ] INIT File
---------------------------------------------------------------
[ 2019-02-12T14:31:51+08:00 ] 0.0.0.0 GET localhost/tp5/public/index.php/index/Index/index
[运行时间：0.089559s] [吞吐率：11.17req/s] [内存消耗：1,309.78kb] [文件加载：40]
[ info ] [ LANG ] C:\xampp\htdocs\tp5\thinkphp\lang\zh-cn.php
[ info ] [ ROUTE ] array (
  'type' => 'module',
  'module' => 
  array (
    0 => 'index',
    1 => 'Index',
    2 => 'index',
  ),
)
[ info ] [ HEADER ] array (
  'host' => 'localhost',
  'connection' => 'keep-alive',
  'cache-control' => 'max-age=0',
  'upgrade-insecure-requests' => '1',
  'user-agent' => 'Mozilla/5.0 (Windows NT 10.0; WOW64) AppleWebKit/537.36 (KHTML, like Gecko) Chrome/63.0.3239.132 Safari/537.36',
  'accept' => 'text/html,application/xhtml+xml,application/xml;q=0.9,image/webp,image/apng,*/*;q=0.8',
  'accept-encoding' => 'gzip, deflate, br',
  'accept-language' => 'zh-CN,zh;q=0.9',
  'cookie' => '__guid=111872281.4375068339543820000.1545480756457.3933; Phpstorm-171522f2=95d6887c-877e-4afc-8d1c-c976a446170d; pgv_pvi=6507047936; _xsrf=2|0e01e217|cc3af0aa6b236c07168a2f90c8826cee|1548647686; username-localhost-8888="2|1:0|10:1549078438|23:username-localhost-8888|44:MTk0M2NhZjE2OGMxNDUzMjhlMTM0OTQ5NzQzOTFlMmE=|81984c80b434ca370f76d45ed61a9c5fc59cc1f7cebe8a7b44234779b81564e8"; monitor_count=140',
)
[ info ] [ PARAM ] array (
)
[ info ] [ RUN ] app\index\controller\IndexController->index[ C:\xampp\htdocs\tp5\application\index\controller\IndexController.php ]
[ info ] [ VIEW ] C:\xampp\htdocs\tp5\public/../application/index\view\index\index.html [ array (
) ]
[ info ] [ LOG ] INIT File
---------------------------------------------------------------
[ 2019-02-12T14:31:55+08:00 ] 0.0.0.0 GET localhost/tp5/public/index.php/index/Index/index
[运行时间：0.073778s] [吞吐率：13.55req/s] [内存消耗：1,309.78kb] [文件加载：40]
[ info ] [ LANG ] C:\xampp\htdocs\tp5\thinkphp\lang\zh-cn.php
[ info ] [ ROUTE ] array (
  'type' => 'module',
  'module' => 
  array (
    0 => 'index',
    1 => 'Index',
    2 => 'index',
  ),
)
[ info ] [ HEADER ] array (
  'host' => 'localhost',
  'connection' => 'keep-alive',
  'cache-control' => 'max-age=0',
  'upgrade-insecure-requests' => '1',
  'user-agent' => 'Mozilla/5.0 (Windows NT 10.0; WOW64) AppleWebKit/537.36 (KHTML, like Gecko) Chrome/63.0.3239.132 Safari/537.36',
  'accept' => 'text/html,application/xhtml+xml,application/xml;q=0.9,image/webp,image/apng,*/*;q=0.8',
  'accept-encoding' => 'gzip, deflate, br',
  'accept-language' => 'zh-CN,zh;q=0.9',
  'cookie' => '__guid=111872281.4375068339543820000.1545480756457.3933; Phpstorm-171522f2=95d6887c-877e-4afc-8d1c-c976a446170d; pgv_pvi=6507047936; _xsrf=2|0e01e217|cc3af0aa6b236c07168a2f90c8826cee|1548647686; username-localhost-8888="2|1:0|10:1549078438|23:username-localhost-8888|44:MTk0M2NhZjE2OGMxNDUzMjhlMTM0OTQ5NzQzOTFlMmE=|81984c80b434ca370f76d45ed61a9c5fc59cc1f7cebe8a7b44234779b81564e8"; monitor_count=141',
)
[ info ] [ PARAM ] array (
)
[ info ] [ RUN ] app\index\controller\IndexController->index[ C:\xampp\htdocs\tp5\application\index\controller\IndexController.php ]
[ info ] [ VIEW ] C:\xampp\htdocs\tp5\public/../application/index\view\index\index.html [ array (
) ]
[ info ] [ LOG ] INIT File
---------------------------------------------------------------
[ 2019-02-12T14:32:19+08:00 ] 0.0.0.0 GET localhost/tp5/public/index.php/index/Index/index
[运行时间：0.077359s] [吞吐率：12.93req/s] [内存消耗：1,485.09kb] [文件加载：42]
[ info ] [ LANG ] C:\xampp\htdocs\tp5\thinkphp\lang\zh-cn.php
[ info ] [ ROUTE ] array (
  'type' => 'module',
  'module' => 
  array (
    0 => 'index',
    1 => 'Index',
    2 => 'index',
  ),
)
[ info ] [ HEADER ] array (
  'host' => 'localhost',
  'connection' => 'keep-alive',
  'cache-control' => 'max-age=0',
  'upgrade-insecure-requests' => '1',
  'user-agent' => 'Mozilla/5.0 (Windows NT 10.0; WOW64) AppleWebKit/537.36 (KHTML, like Gecko) Chrome/63.0.3239.132 Safari/537.36',
  'accept' => 'text/html,application/xhtml+xml,application/xml;q=0.9,image/webp,image/apng,*/*;q=0.8',
  'accept-encoding' => 'gzip, deflate, br',
  'accept-language' => 'zh-CN,zh;q=0.9',
  'cookie' => '__guid=111872281.4375068339543820000.1545480756457.3933; Phpstorm-171522f2=95d6887c-877e-4afc-8d1c-c976a446170d; pgv_pvi=6507047936; _xsrf=2|0e01e217|cc3af0aa6b236c07168a2f90c8826cee|1548647686; username-localhost-8888="2|1:0|10:1549078438|23:username-localhost-8888|44:MTk0M2NhZjE2OGMxNDUzMjhlMTM0OTQ5NzQzOTFlMmE=|81984c80b434ca370f76d45ed61a9c5fc59cc1f7cebe8a7b44234779b81564e8"; monitor_count=142',
)
[ info ] [ PARAM ] array (
)
[ info ] [ RUN ] app\index\controller\IndexController->index[ C:\xampp\htdocs\tp5\application\index\controller\IndexController.php ]
[ info ] [ VIEW ] C:\xampp\htdocs\tp5\public/../application/index\view\index\index.html [ array (
) ]
[ info ] [ LOG ] INIT File
---------------------------------------------------------------
[ 2019-02-12T17:49:53+08:00 ] 0.0.0.0 GET localhost/tp5/public/index/Index/index
[运行时间：0.091940s] [吞吐率：10.88req/s] [内存消耗：1,310.24kb] [文件加载：40]
[ info ] [ LANG ] C:\xampp\htdocs\tp5\thinkphp\lang\zh-cn.php
[ info ] [ ROUTE ] array (
  'type' => 'module',
  'module' => 
  array (
    0 => 'index',
    1 => 'Index',
    2 => 'index',
  ),
)
[ info ] [ HEADER ] array (
  'host' => 'localhost',
  'connection' => 'keep-alive',
  'upgrade-insecure-requests' => '1',
  'user-agent' => 'Mozilla/5.0 (Windows NT 10.0; WOW64) AppleWebKit/537.36 (KHTML, like Gecko) Chrome/63.0.3239.132 Safari/537.36',
  'accept' => 'text/html,application/xhtml+xml,application/xml;q=0.9,image/webp,image/apng,*/*;q=0.8',
  'accept-encoding' => 'gzip, deflate, br',
  'accept-language' => 'zh-CN,zh;q=0.9',
  'cookie' => '__guid=111872281.4375068339543820000.1545480756457.3933; Phpstorm-171522f2=95d6887c-877e-4afc-8d1c-c976a446170d; pgv_pvi=6507047936; _xsrf=2|0e01e217|cc3af0aa6b236c07168a2f90c8826cee|1548647686; username-localhost-8888="2|1:0|10:1549078438|23:username-localhost-8888|44:MTk0M2NhZjE2OGMxNDUzMjhlMTM0OTQ5NzQzOTFlMmE=|81984c80b434ca370f76d45ed61a9c5fc59cc1f7cebe8a7b44234779b81564e8"; monitor_count=146',
)
[ info ] [ PARAM ] array (
)
[ info ] [ RUN ] app\index\controller\IndexController->index[ C:\xampp\htdocs\tp5\application\index\controller\IndexController.php ]
[ info ] [ VIEW ] C:\xampp\htdocs\tp5\public/../application/index\view\index\index.html [ array (
) ]
[ info ] [ LOG ] INIT File
